# JRE version: OpenJDK Runtime Environment (8.0_242-b01) (build 1.8.0_242-release-1644-b01)
# Java VM: OpenJDK 64-Bit Server VM (25.242-b01 mixed mode windows-amd64 compressed oops)
Heap:
 PSYoungGen      total 635392K, used 167395K [0x00000000d5580000, 0x0000000100000000, 0x0000000100000000)
  eden space 592896K, 21% used [0x00000000d5580000,0x00000000dcf800c0,0x00000000f9880000)
  from space 42496K, 99% used [0x00000000f9880000,0x00000000fc1f8d48,0x00000000fc200000)
  to   space 51200K, 0% used [0x00000000fce00000,0x00000000fce00000,0x0000000100000000)
 ParOldGen       total 223232K, used 117396K [0x0000000080000000, 0x000000008da00000, 0x00000000d5580000)
  object space 223232K, 52% used [0x0000000080000000,0x00000000872a5158,0x000000008da00000)
 Metaspace       used 106293K, capacity 112334K, committed 112408K, reserved 1146880K
  class space    used 13794K, capacity 14888K, committed 14888K, reserved 1048576K
GC Heap History (10 events):
Event: 77.928 GC heap before
{Heap before GC invocations=27 (full 4):
 PSYoungGen      total 492032K, used 8108K [0x00000000d5580000, 0x00000000fb180000, 0x0000000100000000)
  eden space 459776K, 0% used [0x00000000d5580000,0x00000000d5580000,0x00000000f1680000)
  from space 32256K, 25% used [0x00000000f1680000,0x00000000f1e6b100,0x00000000f3600000)
  to   space 30720K, 0% used [0x00000000f9380000,0x00000000f9380000,0x00000000fb180000)
 ParOldGen       total 131072K, used 115317K [0x0000000080000000, 0x0000000088000000, 0x00000000d5580000)
  object space 131072K, 87% used [0x0000000080000000,0x000000008709d6d8,0x0000000088000000)
 Metaspace       used 80453K, capacity 84752K, committed 84888K, reserved 1122304K
  class space    used 10878K, capacity 11669K, committed 11688K, reserved 1048576K
Event: 79.652 GC heap after
Heap after GC invocations=27 (full 4):
 PSYoungGen      total 492032K, used 0K [0x00000000d5580000, 0x00000000fb180000, 0x0000000100000000)
  eden space 459776K, 0% used [0x00000000d5580000,0x00000000d5580000,0x00000000f1680000)
  from space 32256K, 0% used [0x00000000f1680000,0x00000000f1680000,0x00000000f3600000)
  to   space 30720K, 0% used [0x00000000f9380000,0x00000000f9380000,0x00000000fb180000)
 ParOldGen       total 223232K, used 80195K [0x0000000080000000, 0x000000008da00000, 0x00000000d5580000)
  object space 223232K, 35% used [0x0000000080000000,0x0000000084e50c98,0x000000008da00000)
 Metaspace       used 80066K, capacity 83686K, committed 84888K, reserved 1122304K
  class space    used 10745K, capacity 11438K, committed 11688K, reserved 1048576K
}
Event: 86.567 GC heap before
{Heap before GC invocations=28 (full 4):
 PSYoungGen      total 492032K, used 459776K [0x00000000d5580000, 0x00000000fb180000, 0x0000000100000000)
  eden space 459776K, 100% used [0x00000000d5580000,0x00000000f1680000,0x00000000f1680000)
  from space 32256K, 0% used [0x00000000f1680000,0x00000000f1680000,0x00000000f3600000)
  to   space 30720K, 0% used [0x00000000f9380000,0x00000000f9380000,0x00000000fb180000)
 ParOldGen       total 223232K, used 80195K [0x0000000080000000, 0x000000008da00000, 0x00000000d5580000)
  object space 223232K, 35% used [0x0000000080000000,0x0000000084e50c98,0x000000008da00000)
 Metaspace       used 80534K, capacity 84352K, committed 85528K, reserved 1122304K
  class space    used 10803K, capacity 11557K, committed 11816K, reserved 1048576K
Event: 86.600 GC heap after
Heap after GC invocations=28 (full 4):
 PSYoungGen      total 540672K, used 5191K [0x00000000d5580000, 0x00000000f9980000, 0x0000000100000000)
  eden space 534528K, 0% used [0x00000000d5580000,0x00000000d5580000,0x00000000f5f80000)
  from space 6144K, 84% used [0x00000000f9380000,0x00000000f9891f90,0x00000000f9980000)
  to   space 29696K, 0% used [0x00000000f5f80000,0x00000000f5f80000,0x00000000f7c80000)
 ParOldGen       total 223232K, used 80203K [0x0000000080000000, 0x000000008da00000, 0x00000000d5580000)
  object space 223232K, 35% used [0x0000000080000000,0x0000000084e52c98,0x000000008da00000)
 Metaspace       used 80534K, capacity 84352K, committed 85528K, reserved 1122304K
  class space    used 10803K, capacity 11557K, committed 11816K, reserved 1048576K
}
Event: 96.948 GC heap before
{Heap before GC invocations=29 (full 4):
 PSYoungGen      total 540672K, used 539719K [0x00000000d5580000, 0x00000000f9980000, 0x0000000100000000)
  eden space 534528K, 100% used [0x00000000d5580000,0x00000000f5f80000,0x00000000f5f80000)
  from space 6144K, 84% used [0x00000000f9380000,0x00000000f9891f90,0x00000000f9980000)
  to   space 29696K, 0% used [0x00000000f5f80000,0x00000000f5f80000,0x00000000f7c80000)
 ParOldGen       total 223232K, used 80203K [0x0000000080000000, 0x000000008da00000, 0x00000000d5580000)
  object space 223232K, 35% used [0x0000000080000000,0x0000000084e52c98,0x000000008da00000)
 Metaspace       used 81192K, capacity 85038K, committed 86040K, reserved 1124352K
  class space    used 10859K, capacity 11612K, committed 11816K, reserved 1048576K
Event: 97.154 GC heap after
Heap after GC invocations=29 (full 4):
 PSYoungGen      total 564224K, used 29664K [0x00000000d5580000, 0x00000000ff180000, 0x0000000100000000)
  eden space 534528K, 0% used [0x00000000d5580000,0x00000000d5580000,0x00000000f5f80000)
  from space 29696K, 99% used [0x00000000f5f80000,0x00000000f7c783c8,0x00000000f7c80000)
  to   space 40960K, 0% used [0x00000000fc980000,0x00000000fc980000,0x00000000ff180000)
 ParOldGen       total 223232K, used 96690K [0x0000000080000000, 0x000000008da00000, 0x00000000d5580000)
  object space 223232K, 43% used [0x0000000080000000,0x0000000085e6cad0,0x000000008da00000)
 Metaspace       used 81192K, capacity 85038K, committed 86040K, reserved 1124352K
  class space    used 10859K, capacity 11612K, committed 11816K, reserved 1048576K
}
Event: 456.679 GC heap before
{Heap before GC invocations=30 (full 4):
 PSYoungGen      total 564224K, used 564192K [0x00000000d5580000, 0x00000000ff180000, 0x0000000100000000)
  eden space 534528K, 100% used [0x00000000d5580000,0x00000000f5f80000,0x00000000f5f80000)
  from space 29696K, 99% used [0x00000000f5f80000,0x00000000f7c783c8,0x00000000f7c80000)
  to   space 40960K, 0% used [0x00000000fc980000,0x00000000fc980000,0x00000000ff180000)
 ParOldGen       total 223232K, used 96690K [0x0000000080000000, 0x000000008da00000, 0x00000000d5580000)
  object space 223232K, 43% used [0x0000000080000000,0x0000000085e6cad0,0x000000008da00000)
 Metaspace       used 91743K, capacity 96178K, committed 96408K, reserved 1132544K
  class space    used 12068K, capacity 12912K, committed 12968K, reserved 1048576K
Event: 457.472 GC heap after
Heap after GC invocations=30 (full 4):
 PSYoungGen      total 627712K, used 24412K [0x00000000d5580000, 0x00000000feb80000, 0x0000000100000000)
  eden space 592896K, 0% used [0x00000000d5580000,0x00000000d5580000,0x00000000f9880000)
  from space 34816K, 70% used [0x00000000fc980000,0x00000000fe1573a0,0x00000000feb80000)
  to   space 42496K, 0% used [0x00000000f9880000,0x00000000f9880000,0x00000000fc200000)
 ParOldGen       total 223232K, used 113438K [0x0000000080000000, 0x000000008da00000, 0x00000000d5580000)
  object space 223232K, 50% used [0x0000000080000000,0x0000000086ec7bf0,0x000000008da00000)
 Metaspace       used 91743K, capacity 96178K, committed 96408K, reserved 1132544K
  class space    used 12068K, capacity 12912K, committed 12968K, reserved 1048576K
}
Event: 2194.471 GC heap before
{Heap before GC invocations=31 (full 4):
 PSYoungGen      total 627712K, used 617308K [0x00000000d5580000, 0x00000000feb80000, 0x0000000100000000)
  eden space 592896K, 100% used [0x00000000d5580000,0x00000000f9880000,0x00000000f9880000)
  from space 34816K, 70% used [0x00000000fc980000,0x00000000fe1573a0,0x00000000feb80000)
  to   space 42496K, 0% used [0x00000000f9880000,0x00000000f9880000,0x00000000fc200000)
 ParOldGen       total 223232K, used 113438K [0x0000000080000000, 0x000000008da00000, 0x00000000d5580000)
  object space 223232K, 50% used [0x0000000080000000,0x0000000086ec7bf0,0x000000008da00000)
 Metaspace       used 104773K, capacity 110734K, committed 111000K, reserved 1144832K
  class space    used 13605K, capacity 14698K, committed 14760K, reserved 1048576K
Event: 2194.707 GC heap after
Heap after GC invocations=31 (full 4):
 PSYoungGen      total 635392K, used 42467K [0x00000000d5580000, 0x0000000100000000, 0x0000000100000000)
  eden space 592896K, 0% used [0x00000000d5580000,0x00000000d5580000,0x00000000f9880000)
  from space 42496K, 99% used [0x00000000f9880000,0x00000000fc1f8d48,0x00000000fc200000)
  to   space 51200K, 0% used [0x00000000fce00000,0x00000000fce00000,0x0000000100000000)
 ParOldGen       total 223232K, used 117396K [0x0000000080000000, 0x000000008da00000, 0x00000000d5580000)
  object space 223232K, 52% used [0x0000000080000000,0x00000000872a5158,0x000000008da00000)
 Metaspace       used 104773K, capacity 110734K, committed 111000K, reserved 1144832K
  class space    used 13605K, capacity 14698K, committed 14760K, reserved 1048576K
}

